
20210709;103525;Capteur sonore;Le capteur sonore a detecte une alerte (Unite esclave - Arduino);70 s
20210709;103533;Systeme en attente;Le systeme bascule en mode chenillard;
20210709;103540;Capteur de mouvement;Le capteur de mouvement a detecte une presence (Unite maitre - Raspberry);102 s
20210709;103609;Systeme en attente;Le systeme bascule en mode chenillard;
20210709;103653;Capteur sonore;Le capteur sonore a detecte une alerte (Unite esclave - Arduino);5e-06 s
20210709;103658;Systeme en attente;Le systeme bascule en mode chenillard;
20210709;103702;Capteur sonore;Le capteur sonore a detecte une alerte (Unite esclave - Arduino);3.6e-06 s
20210709;103707;Systeme en attente;Le systeme bascule en mode chenillard;
20210709;103713;Capteur sonore;Le capteur sonore a detecte une alerte (Unite esclave - Arduino);3.1e-06 s
20210709;103718;Systeme en attente;Le systeme bascule en mode chenillard;
20210709;103722;Capteur sonore;Le capteur sonore a detecte une alerte (Unite esclave - Arduino);3.3e-06 s
20210709;103727;Capteur sonore;Le capteur sonore a detecte une alerte (Unite esclave - Arduino);4.1e-06 s
20210709;103731;Capteur sonore;Le capteur sonore a detecte une alerte (Unite esclave - Arduino);4.1e-06 s
20210709;103736;Capteur sonore;Le capteur sonore a detecte une alerte (Unite esclave - Arduino);4.1e-06 s
20210709;103740;Systeme en attente;Le systeme bascule en mode chenillard;
20210709;103751;Capteur sonore;Le capteur sonore a detecte une alerte (Unite esclave - Arduino);3.6e-06 s
20210709;103755;Systeme en attente;Le systeme bascule en mode chenillard;
20210709;103823;Capteur sonore;Le capteur sonore a detecte une alerte (Unite esclave - Arduino);3.6e-06 s
20210709;103828;Capteur sonore;Le capteur sonore a detecte une alerte (Unite esclave - Arduino);3.8e-06 s
20210709;103832;Systeme en attente;Le systeme bascule en mode chenillard;
20210709;103914;Capteur sonore;Le capteur sonore a detecte une alerte (Unite esclave - Arduino);3.6e-06 s
20210709;103919;Systeme en attente;Le systeme bascule en mode chenillard;
20210709;103923;Capteur sonore;Le capteur sonore a detecte une alerte (Unite esclave - Arduino);4.1e-06 s
20210709;103927;Systeme en attente;Le systeme bascule en mode chenillard;
